<?xml version="1.0" encoding="UTF-8"?>
<!-- Generated by org.testng.reporters.JUnitReportReporter -->
<testsuite hostname="LTIN234012" failures="0" tests="2" name="testCases.TC_03LanguageLearning" time="379.837" errors="0" timestamp="2024-02-15T12:20:09 IST" skipped="0">
  <testcase classname="testCases.TC_03LanguageLearning" name="search_Language" time="10.853"/>
  <testcase classname="testCases.TC_03LanguageLearning" name="show_FiveCourses" time="368.984"/>
</testsuite> <!-- testCases.TC_03LanguageLearning -->
