<?xml version="1.0" encoding="UTF-8"?>
<!-- Generated by org.testng.reporters.JUnitReportReporter -->
<testsuite hostname="LTIN234012" failures="0" tests="4" name="testCases.TC_04FormFilling" time="32.352" errors="0" timestamp="2024-02-15T12:20:09 IST" skipped="0">
  <testcase classname="testCases.TC_04FormFilling" name="Enterprise" time="14.176"/>
  <testcase classname="testCases.TC_04FormFilling" name="form" time="5.703"/>
  <testcase classname="testCases.TC_04FormFilling" name="startfillingform" time="10.352"/>
  <testcase classname="testCases.TC_04FormFilling" name="messageDisplay" time="2.121"/>
</testsuite> <!-- testCases.TC_04FormFilling -->
