<?xml version="1.0" encoding="UTF-8"?>
<!-- Generated by org.testng.reporters.JUnitReportReporter -->
<testsuite hostname="LTIN234012" failures="0" tests="2" name="testCases.TC_01CourseraPage" time="2.287" errors="0" timestamp="2024-02-15T12:20:09 IST" skipped="0">
  <testcase classname="testCases.TC_01CourseraPage" name="surveyvisibility" time="1.462"/>
  <testcase classname="testCases.TC_01CourseraPage" name="TitleVerification" time="0.825"/>
</testsuite> <!-- testCases.TC_01CourseraPage -->
