<?xml version="1.0" encoding="UTF-8"?>
<!-- Generated by org.testng.reporters.JUnitReportReporter -->
<testsuite hostname="LTIN234012" failures="0" tests="6" name="testCases.TC_02Webdevelopment" time="14.235" errors="0" timestamp="2024-02-15T12:20:09 IST" skipped="0">
  <testcase classname="testCases.TC_02Webdevelopment" name="course_search" time="7.856"/>
  <testcase classname="testCases.TC_02Webdevelopment" name="level_select" time="1.766"/>
  <testcase classname="testCases.TC_02Webdevelopment" name="language_select" time="0.973"/>
  <testcase classname="testCases.TC_02Webdevelopment" name="ScrolluptoSearch" time="0.033"/>
  <testcase classname="testCases.TC_02Webdevelopment" name="firstcourseselect" time="2.673"/>
  <testcase classname="testCases.TC_02Webdevelopment" name="secondcourseselect" time="0.934"/>
</testsuite> <!-- testCases.TC_02Webdevelopment -->
